<?xml version="1.0" encoding="UTF-8"?>
<!-- Generated by org.testng.reporters.JUnitXMLReporter -->
<testsuite ignored="0" hostname="LTIN233583" failures="0" tests="6" name="ChromeTest" time="154.639" errors="0" timestamp="2024-01-22T13:07:59 IST">
  <testcase classname="testCases.TC_001_AccountConfirmationTest" name="verify_username" time="15.346"/>
  <testcase classname="testCases.TC_002_FetchingNews" name="fetchingNews" time="73.685"/>
  <testcase classname="testCases.TC_002_FetchingNews" name="fetchingBlog" time="19.526"/>
  <testcase classname="testCases.TC_003_AppsTools" name="verify_appAndToolHeader" time="3.622"/>
  <testcase classname="testCases.TC_003_AppsTools" name="printAppsTools" time="7.321"/>
  <testcase classname="testCases.TC_004_ToolTip" name="verify_Tooltip_Headlines" time="10.045"/>
</testsuite> <!-- ChromeTest -->
