<?xml version="1.0" encoding="UTF-8"?>
<!-- Generated by org.testng.reporters.JUnitXMLReporter -->
<testsuite ignored="0" hostname="LTIN233583" failures="0" tests="6" name="Test" time="134.366" errors="0" timestamp="2024-01-30T12:22:52 IST">
  <testcase classname="testCases.TC_001_AccountConfirmationTest" name="verify_username" time="11.024"/>
  <testcase classname="testCases.TC_002_FetchingNews" name="fetchingNews" time="49.987"/>
  <testcase classname="testCases.TC_002_FetchingNews" name="fetchingBlog" time="18.347"/>
  <testcase classname="testCases.TC_003_AppsTools" name="verify_appAndToolHeader" time="3.737"/>
  <testcase classname="testCases.TC_003_AppsTools" name="printAppsTools" time="11.345"/>
  <testcase classname="testCases.TC_004_ToolTip" name="verify_Tooltip_Headlines" time="10.018"/>
</testsuite> <!-- Test -->
